{"meta": {"format": 3, "version": "7.13.2", "timestamp": "2026-02-01T17:54:13.476296", "branch_coverage": false, "show_contexts": false}, "files": {"src/chaimcp/chia_client.py": {"executed_lines": [1, 2, 3, 4, 7, 9, 10, 11, 12, 13, 14, 17, 18, 19, 20, 21, 23, 25, 27, 28, 29, 30, 32, 34, 35, 36, 37, 38, 39, 40, 41, 42, 45, 46, 48, 49, 52, 53, 55, 56], "summary": {"covered_lines": 40, "num_statements": 40, "percent_covered": 100.0, "percent_covered_display": "100", "missing_lines": 0, "excluded_lines": 0, "percent_statements_covered": 100.0, "percent_statements_covered_display": "100"}, "missing_lines": [], "excluded_lines": [], "functions": {"ChiaRpcClient.__init__": {"executed_lines": [11, 12, 13, 14, 17, 18, 19, 20, 21, 23, 25, 27, 28, 29, 30], "summary": {"covered_lines": 15, "num_statements": 15, "percent_covered": 100.0, "percent_covered_display": "100", "missing_lines": 0, "excluded_lines": 0, "percent_statements_covered": 100.0, "percent_statements_covered_display": "100"}, "missing_lines": [], "excluded_lines": [], "start_line": 10}, "ChiaRpcClient.get": {"executed_lines": [34, 35, 36, 37, 38, 39, 40, 41, 42], "summary": {"covered_lines": 9, "num_statements": 9, "percent_covered": 100.0, "percent_covered_display": "100", "missing_lines": 0, "excluded_lines": 0, "percent_statements_covered": 100.0, "percent_statements_covered_display": "100"}, "missing_lines": [], "excluded_lines": [], "start_line": 32}, "ChiaRpcClient.get_blockchain_state": {"executed_lines": [46], "summary": {"covered_lines": 1, "num_statements": 1, "percent_covered": 100.0, "percent_covered_display": "100", "missing_lines": 0, "excluded_lines": 0, "percent_statements_covered": 100.0, "percent_statements_covered_display": "100"}, "missing_lines": [], "excluded_lines": [], "start_line": 45}, "ChiaRpcClient.get_network_info": {"executed_lines": [49], "summary": {"covered_lines": 1, "num_statements": 1, "percent_covered": 100.0, "percent_covered_display": "100", "missing_lines": 0, "excluded_lines": 0, "percent_statements_covered": 100.0, "percent_statements_covered_display": "100"}, "missing_lines": [], "excluded_lines": [], "start_line": 48}, "ChiaRpcClient.get_wallets": {"executed_lines": [53], "summary": {"covered_lines": 1, "num_statements": 1, "percent_covered": 100.0, "percent_covered_display": "100", "missing_lines": 0, "excluded_lines": 0, "percent_statements_covered": 100.0, "percent_statements_covered_display": "100"}, "missing_lines": [], "excluded_lines": [], "start_line": 52}, "ChiaRpcClient.get_wallet_balance": {"executed_lines": [56], "summary": {"covered_lines": 1, "num_statements": 1, "percent_covered": 100.0, "percent_covered_display": "100", "missing_lines": 0, "excluded_lines": 0, "percent_statements_covered": 100.0, "percent_statements_covered_display": "100"}, "missing_lines": [], "excluded_lines": [], "start_line": 55}, "": {"executed_lines": [1, 2, 3, 4, 7, 9, 10, 32, 45, 48, 52, 55], "summary": {"covered_lines": 12, "num_statements": 12, "percent_covered": 100.0, "percent_covered_display": "100", "missing_lines": 0, "excluded_lines": 0, "percent_statements_covered": 100.0, "percent_statements_covered_display": "100"}, "missing_lines": [], "excluded_lines": [], "start_line": 1}}, "classes": {"ChiaRpcClient": {"executed_lines": [11, 12, 13, 14, 17, 18, 19, 20, 21, 23, 25, 27, 28, 29, 30, 34, 35, 36, 37, 38, 39, 40, 41, 42, 46, 49, 53, 56], "summary": {"covered_lines": 28, "num_statements": 28, "percent_covered": 100.0, "percent_covered_display": "100", "missing_lines": 0, "excluded_lines": 0, "percent_statements_covered": 100.0, "percent_statements_covered_display": "100"}, "missing_lines": [], "excluded_lines": [], "start_line": 9}, "": {"executed_lines": [1, 2, 3, 4, 7, 9, 10, 32, 45, 48, 52, 55], "summary": {"covered_lines": 12, "num_statements": 12, "percent_covered": 100.0, "percent_covered_display": "100", "missing_lines": 0, "excluded_lines": 0, "percent_statements_covered": 100.0, "percent_statements_covered_display": "100"}, "missing_lines": [], "excluded_lines": [], "start_line": 1}}}, "src/chaimcp/config.py": {"executed_lines": [1, 2, 3, 4, 6, 8, 10, 12, 14, 15, 17, 18, 19, 21, 22, 24, 29, 30, 39, 46, 47, 49, 54], "summary": {"covered_lines": 23, "num_statements": 24, "percent_covered": 95.83333333333333, "percent_covered_display": "96", "missing_lines": 1, "excluded_lines": 0, "percent_statements_covered": 95.83333333333333, "percent_statements_covered_display": "96"}, "missing_lines": [52], "excluded_lines": [], "functions": {"get_chia_root": {"executed_lines": [10], "summary": {"covered_lines": 1, "num_statements": 1, "percent_covered": 100.0, "percent_covered_display": "100", "missing_lines": 0, "excluded_lines": 0, "percent_statements_covered": 100.0, "percent_statements_covered_display": "100"}, "missing_lines": [], "excluded_lines": [], "start_line": 8}, "load_chia_config": {"executed_lines": [14, 15, 17, 18, 19, 21, 22], "summary": {"covered_lines": 7, "num_statements": 7, "percent_covered": 100.0, "percent_covered_display": "100", "missing_lines": 0, "excluded_lines": 0, "percent_statements_covered": 100.0, "percent_statements_covered_display": "100"}, "missing_lines": [], "excluded_lines": [], "start_line": 12}, "get_ssl_paths": {"executed_lines": [29, 30, 39, 46, 47, 49, 54], "summary": {"covered_lines": 7, "num_statements": 8, "percent_covered": 87.5, "percent_covered_display": "88", "missing_lines": 1, "excluded_lines": 0, "percent_statements_covered": 87.5, "percent_statements_covered_display": "88"}, "missing_lines": [52], "excluded_lines": [], "start_line": 24}, "": {"executed_lines": [1, 2, 3, 4, 6, 8, 12, 24], "summary": {"covered_lines": 8, "num_statements": 8, "percent_covered": 100.0, "percent_covered_display": "100", "missing_lines": 0, "excluded_lines": 0, "percent_statements_covered": 100.0, "percent_statements_covered_display": "100"}, "missing_lines": [], "excluded_lines": [], "start_line": 1}}, "classes": {"": {"executed_lines": [1, 2, 3, 4, 6, 8, 10, 12, 14, 15, 17, 18, 19, 21, 22, 24, 29, 30, 39, 46, 47, 49, 54], "summary": {"covered_lines": 23, "num_statements": 24, "percent_covered": 95.83333333333333, "percent_covered_display": "96", "missing_lines": 1, "excluded_lines": 0, "percent_statements_covered": 95.83333333333333, "percent_statements_covered_display": "96"}, "missing_lines": [52], "excluded_lines": [], "start_line": 1}}}, "src/chaimcp/main.py": {"executed_lines": [1, 2, 3, 4, 5, 6, 10, 11, 12, 14, 15, 16, 21, 23, 24, 25, 27, 36, 44, 45, 50, 51, 53, 54, 56, 57, 64, 66, 67, 69, 70, 71, 75, 76, 82, 83, 85, 86, 88, 90, 91, 93, 99, 101, 103, 104, 106, 107, 110, 111, 112, 113, 116, 117, 118, 119, 124, 126, 127, 130, 132, 139, 141], "summary": {"covered_lines": 63, "num_statements": 67, "percent_covered": 94.02985074626865, "percent_covered_display": "94", "missing_lines": 4, "excluded_lines": 0, "percent_statements_covered": 94.02985074626865, "percent_statements_covered_display": "94"}, "missing_lines": [29, 33, 142, 143], "excluded_lines": [], "functions": {"EnvTokenVerifier.__init__": {"executed_lines": [12], "summary": {"covered_lines": 1, "num_statements": 1, "percent_covered": 100.0, "percent_covered_display": "100", "missing_lines": 0, "excluded_lines": 0, "percent_statements_covered": 100.0, "percent_statements_covered_display": "100"}, "missing_lines": [], "excluded_lines": [], "start_line": 11}, "EnvTokenVerifier.verify_token": {"executed_lines": [15, 16, 21], "summary": {"covered_lines": 3, "num_statements": 3, "percent_covered": 100.0, "percent_covered_display": "100", "missing_lines": 0, "excluded_lines": 0, "percent_statements_covered": 100.0, "percent_statements_covered_display": "100"}, "missing_lines": [], "excluded_lines": [], "start_line": 14}, "get_blockchain_state": {"executed_lines": [50, 51, 53, 54, 56, 57, 64], "summary": {"covered_lines": 7, "num_statements": 7, "percent_covered": 100.0, "percent_covered_display": "100", "missing_lines": 0, "excluded_lines": 0, "percent_statements_covered": 100.0, "percent_statements_covered_display": "100"}, "missing_lines": [], "excluded_lines": [], "start_line": 45}, "get_network_info": {"executed_lines": [69, 70, 71], "summary": {"covered_lines": 3, "num_statements": 3, "percent_covered": 100.0, "percent_covered_display": "100", "missing_lines": 0, "excluded_lines": 0, "percent_statements_covered": 100.0, "percent_statements_covered_display": "100"}, "missing_lines": [], "excluded_lines": [], "start_line": 67}, "get_wallet_balance": {"executed_lines": [82, 83, 85, 86, 88, 90, 91, 93, 99], "summary": {"covered_lines": 9, "num_statements": 9, "percent_covered": 100.0, "percent_covered_display": "100", "missing_lines": 0, "excluded_lines": 0, "percent_statements_covered": 100.0, "percent_statements_covered_display": "100"}, "missing_lines": [], "excluded_lines": [], "start_line": 76}, "main": {"executed_lines": [103, 104, 106, 107, 110, 111, 112, 113, 116, 117, 118, 119, 124, 126, 127, 130, 132, 139], "summary": {"covered_lines": 18, "num_statements": 18, "percent_covered": 100.0, "percent_covered_display": "100", "missing_lines": 0, "excluded_lines": 0, "percent_statements_covered": 100.0, "percent_statements_covered_display": "100"}, "missing_lines": [], "excluded_lines": [], "start_line": 101}, "": {"executed_lines": [1, 2, 3, 4, 5, 6, 10, 11, 14, 23, 24, 25, 27, 36, 44, 45, 66, 67, 75, 76, 101, 141], "summary": {"covered_lines": 22, "num_statements": 26, "percent_covered": 84.61538461538461, "percent_covered_display": "85", "missing_lines": 4, "excluded_lines": 0, "percent_statements_covered": 84.61538461538461, "percent_statements_covered_display": "85"}, "missing_lines": [29, 33, 142, 143], "excluded_lines": [], "start_line": 1}}, "classes": {"EnvTokenVerifier": {"executed_lines": [12, 15, 16, 21], "summary": {"covered_lines": 4, "num_statements": 4, "percent_covered": 100.0, "percent_covered_display": "100", "missing_lines": 0, "excluded_lines": 0, "percent_statements_covered": 100.0, "percent_statements_covered_display": "100"}, "missing_lines": [], "excluded_lines": [], "start_line": 10}, "": {"executed_lines": [1, 2, 3, 4, 5, 6, 10, 11, 14, 23, 24, 25, 27, 36, 44, 45, 50, 51, 53, 54, 56, 57, 64, 66, 67, 69, 70, 71, 75, 76, 82, 83, 85, 86, 88, 90, 91, 93, 99, 101, 103, 104, 106, 107, 110, 111, 112, 113, 116, 117, 118, 119, 124, 126, 127, 130, 132, 139, 141], "summary": {"covered_lines": 59, "num_statements": 63, "percent_covered": 93.65079365079364, "percent_covered_display": "94", "missing_lines": 4, "excluded_lines": 0, "percent_statements_covered": 93.65079365079364, "percent_statements_covered_display": "94"}, "missing_lines": [29, 33, 142, 143], "excluded_lines": [], "start_line": 1}}}}, "totals": {"covered_lines": 126, "num_statements": 131, "percent_covered": 96.18320610687023, "percent_covered_display": "96", "missing_lines": 5, "excluded_lines": 0, "percent_statements_covered": 96.18320610687023, "percent_statements_covered_display": "96"}}